<?xml version="1.0" encoding="UTF-8"?>
<Site BuildName="(empty)"
	BuildStamp="20211209-0629-Experimental"
	Name="(empty)"
	Generator="ctest-3.22.0"
	CompilerName=""
	CompilerVersion=""
	OSName="Windows"
	Hostname="DESKTOP-K2EVN6J"
	OSRelease=" Professional"
	OSVersion=" (Build 19043)"
	OSPlatform="AMD64"
	Is64Bits="1"
	VendorString="AuthenticAMD"
	VendorID="Advanced Micro Devices"
	FamilyID="15"
	ModelID="0"
	ProcessorCacheSize="64"
	NumberOfLogicalCPU="4"
	NumberOfPhysicalCPU="4"
	TotalVirtualMemory="12002"
	TotalPhysicalMemory="5602"
	LogicalProcessorsPerPhysical="1"
	ProcessorClockFrequency="1551"
	>
	<Testing>
		<StartDateTime>Dec 09 13:50 SE Asia Standard Time</StartDateTime>
		<StartTestTime>1639032634</StartTestTime>
		<TestList>
			<Test>./test/UnittestingTests</Test>
		</TestList>
		<Test Status="passed">
			<Name>UnittestingTests</Name>
			<Path>./test</Path>
			<FullName>./test/UnittestingTests</FullName>
			<FullCommandLine>"D:\SEMESTER 7 (2021 2022)\Tugas Unittesting\build\test\Debug\UnittestingTests.exe"</FullCommandLine>
			<Results>
				<NamedMeasurement type="numeric/double" name="Execution Time">
					<Value>0.185981</Value>
				</NamedMeasurement>
				<NamedMeasurement type="numeric/double" name="Processors">
					<Value>1</Value>
				</NamedMeasurement>
				<NamedMeasurement type="text/string" name="Completion Status">
					<Value>Completed</Value>
				</NamedMeasurement>
				<NamedMeasurement type="text/string" name="Command Line">
					<Value>"D:\SEMESTER 7 (2021 2022)\Tugas Unittesting\build\test\Debug\UnittestingTests.exe"</Value>
				</NamedMeasurement>
				<NamedMeasurement type="text/string" name="Environment">
					<Value>#CTEST_RESOURCE_GROUP_COUNT=</Value>
				</NamedMeasurement>
				<Measurement>
					<Value encoding="base64" compression="gzip">eJydkz1vwjAQhvf8ihvJgEWiSJUqdSvtgGilECaCkJOYYDWxkT+A/vvacQkUlAa4wT7Lz3t373CxZoyyEmpM2cCHteA1vD6ns/F0PEvGMTzBIByFAZgj9NNEl1jCnFGliFRGl5aclxWxr/NUijwtbbaydVGee4uXNpYQ/zaNwDLSdXUPkJqaG3mLYRtLeK94hisHELajgrOaMAMTNdTbCzhwXFP0bNRVYm5vAfH8A5pYXv0inElDuPicdBAwGEEt/dubOgEornDle7fpJhoXPRO3CPoymcCqe/Qr9C4PrfoRI280y3iPkxOD1jbtNnJJ3uXjJH7EyBQfemwcCVTjQ7eFc+qu8Y/C/4bvWhRFsBgWfM/+LmIECCEv2RAQVsHXoEzeqLlWW61gb/ZdkJrvSAGSspwANZUPOSGFdPDGSDe8Kqw6GIURZN/NAv8AhwVlJw==</Value>
				</Measurement>
			</Results>
		</Test>
		<EndDateTime>Dec 09 13:50 SE Asia Standard Time</EndDateTime>
		<EndTestTime>1639032634</EndTestTime>
		<ElapsedMinutes>0</ElapsedMinutes>
	</Testing>
</Site>
